<?xml version="1.0" encoding="UTF-8" ?>
<testsuite tests="5" failures="0" name="MathsUtilTest" time="0.002" errors="0" skipped="0">
  <properties>
[...]
</properties>
  <testcase classname="MathsUtilTest" name="testFormultiplesOf3n5" time="0.002"/>
  <testcase classname="MathsUtilTest" name="testFizzBuzz" time="0"/>
  <testcase classname="MathsUtilTest" name="testlengthOfOutput" time="0"/>
  <testcase classname="MathsUtilTest" name="testFizzBuzzStage2" time="0"/>
  <testcase classname="MathsUtilTest" name="testFormultiplesOf3n5Stage2" time="0"/>
</testsuite>